2021-12-25 17:17:28 INFO     Already followed - Private user: Cyberkaia
2021-12-25 17:17:30 INFO     Already followed - Private user: matias_smoje
2021-12-25 17:17:32 INFO     Cuenta: ivahen es cuenta privada
2021-12-25 17:17:32 INFO     Accion seguir a user : ivahen ya fue solicitado
2021-12-25 21:35:07 INFO     Already followed - Private user: Cyberkaia
2021-12-25 21:35:37 INFO     Already followed - Private user: Cyberkaia
2021-12-25 21:36:36 INFO     Already followed - Private user: Cyberkaia
2021-12-25 21:37:06 INFO     Already followed - Private user: Cyberkaia
2021-12-25 21:37:08 INFO     Already followed - Private user: matias_smoje
2021-12-25 21:37:10 INFO     Cuenta: ivahen es cuenta privada
2021-12-25 21:37:10 INFO     Accion seguir a user : ivahen ya fue solicitado
2021-12-25 21:39:27 INFO     Already followed - Private user: Cyberkaia
2021-12-25 21:39:29 INFO     Already followed - Private user: matias_smoje
2021-12-25 21:39:31 INFO     Cuenta: ivahen es cuenta privada
2021-12-25 21:39:31 INFO     Accion seguir a user : ivahen ya fue solicitado
2021-12-25 21:39:59 INFO     Already followed - Private user: Cyberkaia
2021-12-25 21:40:01 INFO     Already followed - Private user: matias_smoje
2021-12-25 21:40:02 INFO     Cuenta: ivahen es cuenta privada
2021-12-25 21:40:02 INFO     Accion seguir a user : ivahen ya fue solicitado
2021-12-25 21:44:52 INFO     Already followed - Private user: Cyberkaia
2021-12-25 21:44:54 INFO     Already followed - Private user: matias_smoje
2021-12-25 21:44:55 INFO     Cuenta: ivahen es cuenta privada
2021-12-25 21:44:55 INFO     Accion seguir a user : ivahen ya fue solicitado
2021-12-25 21:44:59 INFO     Already followed - Private user: nike
2021-12-25 21:45:01 INFO     Already followed - Private user: leomessi
2021-12-25 21:45:03 INFO     Already followed - Private user: cristiano
2021-12-25 21:47:14 INFO     Already followed - Private user: Cyberkaia
2021-12-25 21:47:16 INFO     Already followed - Private user: matias_smoje
2021-12-25 21:47:18 INFO     Cuenta: ivahen es cuenta privada
2021-12-25 21:47:18 INFO     Accion seguir a user : ivahen ya fue solicitado
2021-12-25 21:47:20 INFO     Already followed - Private user: nike
2021-12-25 21:47:22 INFO     Already followed - Private user: leomessi
2021-12-25 21:47:25 INFO     Already followed - Private user: cristiano
2021-12-25 21:48:01 INFO     Already followed - Private user: Cyberkaia
2021-12-25 21:48:03 INFO     Already followed - Private user: matias_smoje
2021-12-25 21:48:04 INFO     Cuenta: ivahen es cuenta privada
2021-12-25 21:48:04 INFO     Accion seguir a user : ivahen ya fue solicitado
2021-12-25 21:48:07 INFO     Already followed - Private user: nike
2021-12-25 21:48:10 INFO     Already followed - Private user: leomessi
2021-12-25 21:48:12 INFO     Already followed - Private user: cristiano
2021-12-25 21:48:40 INFO     Already followed - Private user: Cyberkaia
2021-12-25 21:48:42 INFO     Already followed - Private user: matias_smoje
2021-12-25 21:48:43 INFO     Cuenta: ivahen es cuenta privada
2021-12-25 21:48:43 INFO     Accion seguir a user : ivahen ya fue solicitado
2021-12-25 21:48:46 INFO     Already followed - Private user: nike
2021-12-25 21:48:48 INFO     Already followed - Private user: leomessi
2021-12-25 21:48:50 INFO     Already followed - Private user: cristiano
2021-12-27 19:36:59 INFO     Already followed - Private user: Cyberkaia
2021-12-27 19:37:01 INFO     Already followed - Private user: matias_smoje
2021-12-27 19:37:02 INFO     Cuenta: ivahen es cuenta privada
2021-12-27 19:37:02 INFO     Accion seguir a user : ivahen ya fue solicitado
2021-12-27 19:37:04 INFO     Already followed - Private user: nike
2021-12-27 19:37:06 INFO     Already followed - Private user: leomessi
2021-12-27 19:37:08 INFO     Already followed - Private user: cristiano
2021-12-27 19:40:18 INFO     Already followed - Private user: Cyberkaia
2021-12-27 19:40:20 INFO     Already followed - Private user: matias_smoje
2021-12-27 19:40:22 INFO     Cuenta: ivahen es cuenta privada
2021-12-27 19:40:22 INFO     Accion seguir a user : ivahen ya fue solicitado
2021-12-27 19:40:24 INFO     Already followed - Private user: nike
2021-12-27 19:40:27 INFO     Already followed - Private user: leomessi
2021-12-27 19:40:29 INFO     Already followed - Private user: cristiano
2021-12-27 19:42:08 INFO     Already followed - Private user: Cyberkaia
2021-12-27 19:42:09 INFO     Already followed - Private user: matias_smoje
2021-12-27 19:42:11 INFO     Cuenta: ivahen es cuenta privada
2021-12-27 19:42:11 INFO     Accion seguir a user : ivahen ya fue solicitado
2021-12-27 19:42:14 INFO     Already followed - Private user: nike
2021-12-27 19:42:17 INFO     Already followed - Private user: leomessi
2021-12-27 19:42:19 INFO     Already followed - Private user: cristiano
2021-12-27 19:43:02 INFO     Already followed - Private user: Cyberkaia
2021-12-27 19:43:04 INFO     Already followed - Private user: matias_smoje
2021-12-27 19:43:06 INFO     Cuenta: ivahen es cuenta privada
2021-12-27 19:43:06 INFO     Accion seguir a user : ivahen ya fue solicitado
2021-12-27 19:43:08 INFO     Already followed - Private user: nike
2021-12-27 19:43:10 INFO     Already followed - Private user: leomessi
2021-12-27 19:43:13 INFO     Already followed - Private user: cristiano
2022-01-06 19:35:03 INFO     Already followed - Private user: Cyberkaia
2022-01-06 19:35:05 INFO     Already followed - Private user: matias_smoje
2022-01-06 19:35:06 INFO     Cuenta: ivahen es cuenta privada
2022-01-06 19:35:06 INFO     Accion seguir a user : ivahen ya fue solicitado
2022-01-06 19:35:08 INFO     Already followed - Private user: nike
2022-01-06 19:35:11 INFO     Already followed - Private user: leomessi
2022-01-06 19:35:13 INFO     Already followed - Private user: cristiano
2022-01-06 19:36:56 INFO     Already followed - Private user: Cyberkaia
2022-01-06 19:36:58 INFO     Already followed - Private user: matias_smoje
2022-01-06 19:37:00 INFO     Cuenta: ivahen es cuenta privada
2022-01-06 19:37:00 INFO     Accion seguir a user : ivahen ya fue solicitado
2022-01-06 19:37:03 INFO     Already followed - Private user: nike
2022-01-06 19:37:05 INFO     Already followed - Private user: leomessi
2022-01-06 19:37:07 INFO     Already followed - Private user: cristiano
2022-01-06 19:38:44 INFO     Already followed - Private user: Cyberkaia
2022-01-06 19:38:46 INFO     Already followed - Private user: matias_smoje
2022-01-06 19:38:47 INFO     Cuenta: ivahen es cuenta privada
2022-01-06 19:38:47 INFO     Accion seguir a user : ivahen ya fue solicitado
2022-01-06 19:40:13 INFO     Already followed - Private user: Cyberkaia
2022-01-06 19:40:15 INFO     Already followed - Private user: matias_smoje
2022-01-06 19:40:17 INFO     Cuenta: ivahen es cuenta privada
2022-01-06 19:40:17 INFO     Accion seguir a user : ivahen ya fue solicitado
2022-01-06 19:41:15 INFO     Already followed - Private user: Cyberkaia
2022-01-06 19:41:33 INFO     Already followed - Private user: Cyberkaia
2022-01-06 19:41:35 INFO     Already followed - Private user: matias_smoje
2022-01-06 19:41:36 INFO     Cuenta: ivahen es cuenta privada
2022-01-06 19:41:36 INFO     Accion seguir a user : ivahen ya fue solicitado
2022-01-06 19:42:21 INFO     Already followed - Private user: Cyberkaia
2022-01-06 19:42:24 INFO     Already followed - Private user: matias_smoje
2022-01-06 19:42:25 INFO     Cuenta: ivahen es cuenta privada
2022-01-06 19:42:25 INFO     Accion seguir a user : ivahen ya fue solicitado
2022-01-06 19:43:47 INFO     Already followed - Private user: Cyberkaia
2022-01-06 19:44:38 INFO     Already followed - Private user: Cyberkaia
2022-01-06 19:45:37 INFO     Already followed - Private user: Cyberkaia
2022-01-06 19:46:52 INFO     Already followed - Private user: Cyberkaia
2022-01-06 19:47:21 INFO     Already followed - Private user: Cyberkaia
2022-01-06 19:47:23 INFO     Already followed - Private user: matias_smoje
2022-01-06 19:47:25 INFO     Cuenta: ivahen es cuenta privada
2022-01-06 19:47:25 INFO     Accion seguir a user : ivahen ya fue solicitado
2022-01-06 19:48:16 INFO     Already followed - Private user: Cyberkaia
2022-01-06 19:49:33 INFO     Already followed - Private user: Cyberkaia
2022-01-06 19:50:35 INFO     Already followed - Private user: Cyberkaia
2022-01-06 19:51:01 INFO     Already followed - Private user: Cyberkaia
2022-01-06 20:14:07 INFO     Already followed - Private user: Cyberkaia
2022-01-06 20:15:09 INFO     Already followed - Private user: Cyberkaia
2022-01-06 20:15:32 INFO     Already followed - Private user: Cyberkaia
2022-01-06 20:17:39 INFO     Already followed - Private user: Cyberkaia
2022-01-06 20:17:52 INFO     Already followed - Private user: Cyberkaia
2022-01-06 20:24:50 INFO     Already followed - Private user: Cyberkaia
2022-01-06 20:33:57 INFO     Already followed - Private user: Cyberkaia
2022-01-06 20:35:09 INFO     Already followed - Private user: Cyberkaia
2022-01-06 20:36:44 INFO     Already followed - Private user: Cyberkaia
2022-01-06 20:38:34 INFO     Already followed - Private user: Cyberkaia
2022-01-06 20:39:15 INFO     Already followed - Private user: Cyberkaia
2022-01-06 20:40:03 INFO     Already followed - Private user: Cyberkaia
2022-01-06 20:40:03 INFO     ['273', 'publicaciones\n1.857', 'seguidores\n2.116', 'seguidos']
2022-01-06 20:40:48 INFO     Already followed - Private user: Cyberkaia
2022-01-06 20:40:48 INFO     ['273 publicaciones', '1.857 seguidores', '2.116 seguidos']
2022-01-06 20:42:12 INFO     Already followed - Private user: Cyberkaia
2022-01-06 20:42:12 INFO     ['273 publicaciones', '1.857 seguidores', '2.116 seguidos']
2022-01-06 20:43:58 INFO     Already followed - Private user: Cyberkaia
2022-01-06 20:43:58 INFO     Archivo: instagramData.txtSe encontraba vacío.
2022-01-06 20:44:53 INFO     Already followed - Private user: Cyberkaia
2022-01-06 20:45:24 INFO     Already followed - Private user: Cyberkaia
2022-01-06 20:45:24 INFO     Archivo: instagramData.txtSe encontraba vacío.
2022-01-06 20:48:42 INFO     Already followed - Private user: Cyberkaia
2022-01-06 20:48:44 INFO     Already followed - Private user: matias_smoje
2022-01-06 20:48:46 INFO     Cuenta: ivahen es cuenta privada
2022-01-06 20:48:46 INFO     Accion seguir a user : ivahen ya fue solicitado
2022-01-06 20:48:48 INFO     Start following - Public user hakuchuu1882
2022-01-06 20:54:23 INFO     Already followed - Private user: Cyberkaia
2022-01-06 20:54:23 INFO     Archivo: instagramData.txtSe encontraba vacío.
2022-01-06 20:54:25 INFO     Already followed - Private user: matias_smoje
2022-01-06 20:54:27 INFO     Cuenta: ivahen es cuenta privada
2022-01-06 20:54:27 INFO     Accion seguir a user : ivahen ya fue solicitado
2022-01-06 20:54:29 INFO     Already followed - Private user: hakuchuu1882
2022-01-06 21:03:14 INFO     Already followed - Private user: Cyberkaia
2022-01-06 21:03:15 INFO     Archivo: instagramData.txtSe encontraba vacío.
2022-01-06 21:03:16 INFO     Cuenta: ivahen es cuenta privada
2022-01-06 21:03:16 INFO     Accion seguir a user : ivahen ya fue solicitado
2022-01-06 21:03:18 INFO     Start following - Public user thiare_figueroa
2022-01-06 21:03:20 INFO     Start following - Public user lorehernaandez
2022-01-06 21:06:04 INFO     Already followed - Private user: Cyberkaia
2022-01-06 21:06:05 INFO     Cuenta: ivahen es cuenta privada
2022-01-06 21:06:05 INFO     Accion seguir a user : ivahen ya fue solicitado
2022-01-06 21:06:07 INFO     Already followed - Private user: thiare_figueroa
2022-01-06 21:06:09 INFO     Already followed - Private user: lorehernaandez
2022-01-06 21:14:11 INFO     Already followed - Private user: Cyberkaia
2022-01-06 21:14:12 INFO     Cuenta: ivahen es cuenta privada
2022-01-06 21:14:12 INFO     Accion seguir a user : ivahen ya fue solicitado
2022-01-06 21:14:14 INFO     Start following - Public user goodguychile
2022-01-06 21:14:17 INFO     Start following - Public user fenixreview
2022-01-06 21:14:19 INFO     Start following - Public user danipineg
2022-01-06 21:14:20 INFO     Start following - Public user juegosgori
2022-01-08 02:44:35 INFO     Already followed - Private user: Cyberkaia
2022-01-08 02:44:38 INFO     Cuenta: ivahen es cuenta privada
2022-01-08 02:44:38 INFO     Accion seguir a user : ivahen ya fue solicitado
2022-01-08 02:44:42 INFO     Already followed - Private user: goodguychile
2022-01-08 02:44:45 INFO     Already followed - Private user: fenixreview
2022-01-08 02:44:48 INFO     Already followed - Private user: danipineg
2022-01-08 02:44:52 INFO     Already followed - Private user: juegosgori
2022-01-11 18:23:24 INFO     Already followed - Private user: Cyberkaia
2022-01-11 18:23:26 INFO     Cuenta: ivahen es cuenta privada
2022-01-11 18:23:26 INFO     Accion seguir a user : ivahen ya fue solicitado
2022-01-11 18:23:28 INFO     Already followed - Private user: goodguychile
2022-01-11 18:23:30 INFO     Already followed - Private user: fenixreview
2022-01-11 18:23:32 INFO     Already followed - Private user: danipineg
2022-01-11 18:23:34 INFO     Already followed - Private user: juegosgori
2022-01-12 21:52:35 INFO     Already followed - Private user: Cyberkaia
2022-01-12 21:52:36 INFO     Cuenta: ivahen es cuenta privada
2022-01-12 21:52:36 INFO     Accion seguir a user : ivahen ya fue solicitado
2022-01-12 21:52:38 INFO     Already followed - Private user: goodguychile
2022-01-12 21:52:41 INFO     Already followed - Private user: fenixreview
2022-01-12 21:52:43 INFO     Already followed - Private user: danipineg
2022-01-12 21:52:45 INFO     Already followed - Private user: juegosgori
